build/intermediates/manifest_merge_blame_file/release/manifest-merger-blame-release-report.txt
1<?xml version="1.0" encoding="utf-8"?>
2<manifest xmlns:android="http://schemas.android.com/apk/res/android"
3    package="com.enernet.eg"
4    android:versionCode="12"
5    android:versionName="1.0.0" >
6
7    <uses-sdk
8        android:minSdkVersion="21"
8-->src\main\AndroidManifest.xml
9        android:targetSdkVersion="29" />
9-->src\main\AndroidManifest.xml
10
11    <uses-permission android:name="android.permission.READ_PHONE_NUMBERS" />
11-->src\main\AndroidManifest.xml:7:5-77
11-->src\main\AndroidManifest.xml:7:22-74
12    <uses-permission android:name="android.permission.READ_PHONE_STATE" />
12-->src\main\AndroidManifest.xml:8:5-75
12-->src\main\AndroidManifest.xml:8:22-72
13    <uses-permission android:name="android.permission.READ_CONTACTS" />
13-->src\main\AndroidManifest.xml:9:5-72
13-->src\main\AndroidManifest.xml:9:22-69
14    <uses-permission android:name="android.permission.INTERNET" />
14-->src\main\AndroidManifest.xml:10:5-67
14-->src\main\AndroidManifest.xml:10:22-64
15    <uses-permission android:name="android.permission.GET_ACCOUNTS" />
15-->src\main\AndroidManifest.xml:11:5-71
15-->src\main\AndroidManifest.xml:11:22-68
16    <uses-permission android:name="android.permission.WAKE_LOCK" />
16-->src\main\AndroidManifest.xml:12:5-68
16-->src\main\AndroidManifest.xml:12:22-65
17    <uses-permission android:name="android.permission.ACCESS_NETWORK_STATE" />
17-->src\main\AndroidManifest.xml:13:5-79
17-->src\main\AndroidManifest.xml:13:22-76
18    <uses-permission android:name="android.permission.WRITE_EXTERNAL_STORAGE" />
18-->src\main\AndroidManifest.xml:14:5-81
18-->src\main\AndroidManifest.xml:14:22-78
19    <uses-permission android:name="android.permission.RECEIVE_BOOT_COMPLETED" />
19-->src\main\AndroidManifest.xml:15:5-81
19-->src\main\AndroidManifest.xml:15:22-78
20    <uses-permission android:name="android.permission.FOREGROUND_SERVICE" />
20-->src\main\AndroidManifest.xml:16:5-77
20-->src\main\AndroidManifest.xml:16:22-74
21    <uses-permission android:name="android.permission.REQUEST_IGNORE_BATTERY_OPTIMIZATIONS" />
21-->src\main\AndroidManifest.xml:17:5-95
21-->src\main\AndroidManifest.xml:17:22-92
22
23    <!-- Required by older versions of Google Play services to create IID tokens -->
24    <uses-permission android:name="com.google.android.c2dm.permission.RECEIVE" />
24-->[com.google.firebase:firebase-iid:20.2.0] AndroidManifest.xml:26:5-82
24-->[com.google.firebase:firebase-iid:20.2.0] AndroidManifest.xml:26:22-79
25    <uses-permission android:name="com.google.android.finsky.permission.BIND_GET_INSTALL_REFERRER_SERVICE" />
25-->[com.google.android.gms:play-services-measurement:17.4.2] AndroidManifest.xml:26:5-110
25-->[com.google.android.gms:play-services-measurement:17.4.2] AndroidManifest.xml:26:22-107
26
27    <application
27-->src\main\AndroidManifest.xml:19:5-158:19
28        android:name="com.enernet.eg.CaApplication"
28-->src\main\AndroidManifest.xml:20:9-38
29        android:allowBackup="false"
29-->src\main\AndroidManifest.xml:21:9-36
30        android:appComponentFactory="androidx.core.app.CoreComponentFactory"
30-->[androidx.core:core:1.1.0] AndroidManifest.xml:24:18-86
31        android:icon="@drawable/icon_main"
31-->src\main\AndroidManifest.xml:22:9-43
32        android:label="@string/app_name"
32-->src\main\AndroidManifest.xml:23:9-41
33        android:largeHeap="true"
33-->src\main\AndroidManifest.xml:24:9-33
34        android:theme="@style/AppTheme.NoActionBar"
34-->src\main\AndroidManifest.xml:25:9-52
35        android:usesCleartextTraffic="false" >
35-->src\main\AndroidManifest.xml:26:9-45
36        <activity
36-->src\main\AndroidManifest.xml:27:9-30:63
37            android:name="com.enernet.eg.activity.ActivitySiteStateDetail"
37-->src\main\AndroidManifest.xml:28:13-61
38            android:screenOrientation="portrait"
38-->src\main\AndroidManifest.xml:29:13-49
39            android:theme="@style/Theme.NoActionBar.Dialog" />
39-->src\main\AndroidManifest.xml:30:13-60
40        <activity
40-->src\main\AndroidManifest.xml:31:9-34:63
41            android:name="com.enernet.eg.activity.ActivityUsageDetail"
41-->src\main\AndroidManifest.xml:32:13-57
42            android:screenOrientation="portrait"
42-->src\main\AndroidManifest.xml:33:13-49
43            android:theme="@style/Theme.NoActionBar.Dialog" />
43-->src\main\AndroidManifest.xml:34:13-60
44        <activity
44-->src\main\AndroidManifest.xml:35:9-37:52
45            android:name="com.enernet.eg.activity.ActivityWeb"
45-->src\main\AndroidManifest.xml:36:13-49
46            android:screenOrientation="portrait" />
46-->src\main\AndroidManifest.xml:37:13-49
47        <activity
47-->src\main\AndroidManifest.xml:38:9-40:52
48            android:name="com.enernet.eg.activity.ActivityQuestion"
48-->src\main\AndroidManifest.xml:39:13-54
49            android:screenOrientation="portrait" />
49-->src\main\AndroidManifest.xml:40:13-49
50        <activity
50-->src\main\AndroidManifest.xml:41:9-43:52
51            android:name="com.enernet.eg.activity.ActivityQna"
51-->src\main\AndroidManifest.xml:42:13-49
52            android:screenOrientation="portrait" />
52-->src\main\AndroidManifest.xml:43:13-49
53        <activity
53-->src\main\AndroidManifest.xml:44:9-46:52
54            android:name="com.enernet.eg.activity.ActivityFaq"
54-->src\main\AndroidManifest.xml:45:13-49
55            android:screenOrientation="portrait" />
55-->src\main\AndroidManifest.xml:46:13-49
56        <activity
56-->src\main\AndroidManifest.xml:47:9-49:52
57            android:name="com.enernet.eg.activity.ActivityNotice"
57-->src\main\AndroidManifest.xml:48:13-52
58            android:screenOrientation="portrait" />
58-->src\main\AndroidManifest.xml:49:13-49
59        <activity
59-->src\main\AndroidManifest.xml:50:9-52:52
60            android:name="com.enernet.eg.activity.ActivityPoint"
60-->src\main\AndroidManifest.xml:51:13-51
61            android:screenOrientation="portrait" />
61-->src\main\AndroidManifest.xml:52:13-49
62        <activity
62-->src\main\AndroidManifest.xml:53:9-55:52
63            android:name="com.enernet.eg.activity.ActivityQnaList"
63-->src\main\AndroidManifest.xml:54:13-53
64            android:screenOrientation="portrait" />
64-->src\main\AndroidManifest.xml:55:13-49
65        <activity
65-->src\main\AndroidManifest.xml:56:9-58:52
66            android:name="com.enernet.eg.activity.ActivityNoticeList"
66-->src\main\AndroidManifest.xml:57:13-56
67            android:screenOrientation="portrait" />
67-->src\main\AndroidManifest.xml:58:13-49
68        <activity
68-->src\main\AndroidManifest.xml:59:9-61:52
69            android:name="com.enernet.eg.activity.ActivityAlarm"
69-->src\main\AndroidManifest.xml:60:13-51
70            android:screenOrientation="portrait" />
70-->src\main\AndroidManifest.xml:61:13-49
71        <activity
71-->src\main\AndroidManifest.xml:62:9-64:52
72            android:name="com.enernet.eg.activity.ActivitySetting"
72-->src\main\AndroidManifest.xml:63:13-53
73            android:screenOrientation="portrait" />
73-->src\main\AndroidManifest.xml:64:13-49
74        <activity
74-->src\main\AndroidManifest.xml:65:9-67:52
75            android:name="com.enernet.eg.activity.ActivitySiteState"
75-->src\main\AndroidManifest.xml:66:13-55
76            android:screenOrientation="portrait" />
76-->src\main\AndroidManifest.xml:67:13-49
77        <activity
77-->src\main\AndroidManifest.xml:68:9-70:52
78            android:name="com.enernet.eg.activity.ActivityUsageYearly"
78-->src\main\AndroidManifest.xml:69:13-57
79            android:screenOrientation="portrait" />
79-->src\main\AndroidManifest.xml:70:13-49
80        <activity
80-->src\main\AndroidManifest.xml:71:9-73:52
81            android:name="com.enernet.eg.activity.ActivityUsageMonthly"
81-->src\main\AndroidManifest.xml:72:13-58
82            android:screenOrientation="portrait" />
82-->src\main\AndroidManifest.xml:73:13-49
83        <activity
83-->src\main\AndroidManifest.xml:74:9-76:52
84            android:name="com.enernet.eg.activity.ActivityUsageDaily"
84-->src\main\AndroidManifest.xml:75:13-56
85            android:screenOrientation="portrait" />
85-->src\main\AndroidManifest.xml:76:13-49
86        <activity
86-->src\main\AndroidManifest.xml:77:9-80:71
87            android:name="com.enernet.eg.activity.ActivityUsage"
87-->src\main\AndroidManifest.xml:78:13-51
88            android:screenOrientation="portrait"
88-->src\main\AndroidManifest.xml:79:13-49
89            android:theme="@style/AppTheme.NoActionBar.NoActionBar" />
89-->src\main\AndroidManifest.xml:80:13-68
90        <activity
90-->src\main\AndroidManifest.xml:81:9-83:52
91            android:name="com.enernet.eg.activity.ActivityChangePasswordInput"
91-->src\main\AndroidManifest.xml:82:13-65
92            android:screenOrientation="portrait" />
92-->src\main\AndroidManifest.xml:83:13-49
93        <activity
93-->src\main\AndroidManifest.xml:84:9-86:52
94            android:name="com.enernet.eg.activity.ActivityChangePasswordAuth"
94-->src\main\AndroidManifest.xml:85:13-64
95            android:screenOrientation="portrait" />
95-->src\main\AndroidManifest.xml:86:13-49
96        <activity
96-->src\main\AndroidManifest.xml:87:9-89:52
97            android:name="com.enernet.eg.activity.ActivitySubscribedSub"
97-->src\main\AndroidManifest.xml:88:13-59
98            android:screenOrientation="portrait" />
98-->src\main\AndroidManifest.xml:89:13-49
99        <activity
99-->src\main\AndroidManifest.xml:90:9-92:52
100            android:name="com.enernet.eg.activity.ActivitySubscribedMain"
100-->src\main\AndroidManifest.xml:91:13-60
101            android:screenOrientation="portrait" />
101-->src\main\AndroidManifest.xml:92:13-49
102        <activity
102-->src\main\AndroidManifest.xml:93:9-95:52
103            android:name="com.enernet.eg.activity.ActivityAck"
103-->src\main\AndroidManifest.xml:94:13-49
104            android:screenOrientation="portrait" />
104-->src\main\AndroidManifest.xml:95:13-49
105        <activity
105-->src\main\AndroidManifest.xml:96:9-98:52
106            android:name="com.enernet.eg.activity.ActivitySubscribe"
106-->src\main\AndroidManifest.xml:97:13-55
107            android:screenOrientation="portrait" />
107-->src\main\AndroidManifest.xml:98:13-49
108        <activity
108-->src\main\AndroidManifest.xml:99:9-101:52
109            android:name="com.enernet.eg.activity.ActivityCandidate"
109-->src\main\AndroidManifest.xml:100:13-55
110            android:screenOrientation="portrait" />
110-->src\main\AndroidManifest.xml:101:13-49
111        <activity
111-->src\main\AndroidManifest.xml:102:9-104:52
112            android:name="com.enernet.eg.activity.ActivityAuth"
112-->src\main\AndroidManifest.xml:103:13-50
113            android:screenOrientation="portrait" />
113-->src\main\AndroidManifest.xml:104:13-49
114        <activity
114-->src\main\AndroidManifest.xml:105:9-113:20
115            android:name="com.enernet.eg.activity.ActivitySplash"
115-->src\main\AndroidManifest.xml:106:13-52
116            android:screenOrientation="portrait" >
116-->src\main\AndroidManifest.xml:107:13-49
117            <intent-filter>
117-->src\main\AndroidManifest.xml:108:13-112:29
118                <action android:name="android.intent.action.MAIN" />
118-->src\main\AndroidManifest.xml:109:17-69
118-->src\main\AndroidManifest.xml:109:25-66
119
120                <category android:name="android.intent.category.LAUNCHER" />
120-->src\main\AndroidManifest.xml:111:17-77
120-->src\main\AndroidManifest.xml:111:27-74
121            </intent-filter>
122        </activity>
123        <activity
123-->src\main\AndroidManifest.xml:114:9-116:52
124            android:name="com.enernet.eg.activity.ActivityLogin"
124-->src\main\AndroidManifest.xml:115:13-51
125            android:screenOrientation="portrait" />
125-->src\main\AndroidManifest.xml:116:13-49
126        <!--
127        <receiver
128            android:name="com.google.android.gcm.GCMBroadcastReceiver"
129            android:permission="com.google.android.c2dm.permission.SEND">
130            <intent-filter>
131                <action android:name="com.google.android.c2dm.intent.RECEIVE" />
132                <action android:name="com.google.android.c2dm.intent.REGISTRATION" />
133
134                <category android:name="hemsms" />
135            </intent-filter>
136        </receiver>
137        -->
138        <receiver android:name="com.enernet.eg.ActionReceiver" />
138-->src\main\AndroidManifest.xml:129:9-52
138-->src\main\AndroidManifest.xml:129:19-49
139        <receiver android:name="com.enernet.eg.ReceiverAlarm" />
139-->src\main\AndroidManifest.xml:130:9-51
139-->src\main\AndroidManifest.xml:130:19-48
140        <receiver
140-->src\main\AndroidManifest.xml:131:9-139:20
141            android:name="com.enernet.eg.ReceiverReboot"
141-->src\main\AndroidManifest.xml:132:13-43
142            android:enabled="true"
142-->src\main\AndroidManifest.xml:133:13-35
143            android:exported="false"
143-->src\main\AndroidManifest.xml:134:13-37
144            android:process=":remote" >
144-->src\main\AndroidManifest.xml:135:13-38
145            <intent-filter>
145-->src\main\AndroidManifest.xml:136:13-138:29
146                <action android:name="android.intent.action.BOOT_COMPLETED" />
146-->src\main\AndroidManifest.xml:137:17-79
146-->src\main\AndroidManifest.xml:137:25-76
147            </intent-filter>
148        </receiver>
149
150        <service
150-->src\main\AndroidManifest.xml:141:9-149:19
151            android:name="com.enernet.eg.ServicePush"
151-->src\main\AndroidManifest.xml:142:13-40
152            android:enabled="true"
152-->src\main\AndroidManifest.xml:143:13-35
153            android:exported="true" >
153-->src\main\AndroidManifest.xml:144:13-36
154            <intent-filter>
154-->src\main\AndroidManifest.xml:145:13-148:29
155                <action android:name="com.google.firebase.MESSAGING_EVENT" />
155-->src\main\AndroidManifest.xml:146:17-78
155-->src\main\AndroidManifest.xml:146:25-75
156                <action android:name="com.google.firebase.INSTANCE_ID_EVENT" />
156-->src\main\AndroidManifest.xml:147:17-80
156-->src\main\AndroidManifest.xml:147:25-77
157            </intent-filter>
158        </service>
159        <service
159-->src\main\AndroidManifest.xml:150:9-153:39
160            android:name="com.enernet.eg.ServiceRestarter"
160-->src\main\AndroidManifest.xml:151:13-45
161            android:enabled="true"
161-->src\main\AndroidManifest.xml:152:13-35
162            android:exported="true" />
162-->src\main\AndroidManifest.xml:153:13-36
163        <service
163-->src\main\AndroidManifest.xml:154:9-157:39
164            android:name="com.enernet.eg.ServiceMonitor"
164-->src\main\AndroidManifest.xml:155:13-43
165            android:enabled="true"
165-->src\main\AndroidManifest.xml:156:13-35
166            android:exported="true" />
166-->src\main\AndroidManifest.xml:157:13-36
167        <!--
168             FirebaseMessagingService performs security checks at runtime,
169             but set to not exported to explicitly avoid allowing another app to call it.
170        -->
171        <service
171-->[com.google.firebase:firebase-messaging:20.2.0] AndroidManifest.xml:28:9-35:19
172            android:name="com.google.firebase.messaging.FirebaseMessagingService"
172-->[com.google.firebase:firebase-messaging:20.2.0] AndroidManifest.xml:29:13-82
173            android:directBootAware="true"
173-->[com.google.firebase:firebase-messaging:20.2.0] AndroidManifest.xml:30:13-43
174            android:exported="false" >
174-->[com.google.firebase:firebase-messaging:20.2.0] AndroidManifest.xml:31:13-37
175            <intent-filter android:priority="-500" >
175-->[com.google.firebase:firebase-messaging:20.2.0] AndroidManifest.xml:32:13-34:29
175-->[com.google.firebase:firebase-messaging:20.2.0] AndroidManifest.xml:32:28-51
176                <action android:name="com.google.firebase.MESSAGING_EVENT" />
176-->src\main\AndroidManifest.xml:146:17-78
176-->src\main\AndroidManifest.xml:146:25-75
177            </intent-filter>
178        </service>
179        <service
179-->[com.google.firebase:firebase-messaging:20.2.0] AndroidManifest.xml:36:9-42:19
180            android:name="com.google.firebase.components.ComponentDiscoveryService"
180-->[com.google.firebase:firebase-messaging:20.2.0] AndroidManifest.xml:37:13-84
181            android:directBootAware="true"
181-->[com.google.firebase:firebase-common:19.3.0] AndroidManifest.xml:34:13-43
182            android:exported="false" >
182-->[com.google.firebase:firebase-messaging:20.2.0] AndroidManifest.xml:38:13-37
183            <meta-data
183-->[com.google.firebase:firebase-messaging:20.2.0] AndroidManifest.xml:39:13-41:85
184                android:name="com.google.firebase.components:com.google.firebase.messaging.FirebaseMessagingRegistrar"
184-->[com.google.firebase:firebase-messaging:20.2.0] AndroidManifest.xml:40:17-119
185                android:value="com.google.firebase.components.ComponentRegistrar" />
185-->[com.google.firebase:firebase-messaging:20.2.0] AndroidManifest.xml:41:17-82
186            <meta-data
186-->[com.google.android.gms:play-services-measurement-api:17.4.2] AndroidManifest.xml:30:13-32:85
187                android:name="com.google.firebase.components:com.google.firebase.analytics.connector.internal.AnalyticsConnectorRegistrar"
187-->[com.google.android.gms:play-services-measurement-api:17.4.2] AndroidManifest.xml:31:17-139
188                android:value="com.google.firebase.components.ComponentRegistrar" />
188-->[com.google.android.gms:play-services-measurement-api:17.4.2] AndroidManifest.xml:32:17-82
189            <meta-data
189-->[com.google.firebase:firebase-iid:20.2.0] AndroidManifest.xml:32:13-34:85
190                android:name="com.google.firebase.components:com.google.firebase.iid.Registrar"
190-->[com.google.firebase:firebase-iid:20.2.0] AndroidManifest.xml:33:17-96
191                android:value="com.google.firebase.components.ComponentRegistrar" />
191-->[com.google.firebase:firebase-iid:20.2.0] AndroidManifest.xml:34:17-82
192            <meta-data
192-->[com.google.firebase:firebase-datatransport:17.0.3] AndroidManifest.xml:28:13-30:85
193                android:name="com.google.firebase.components:com.google.firebase.datatransport.TransportRegistrar"
193-->[com.google.firebase:firebase-datatransport:17.0.3] AndroidManifest.xml:29:17-115
194                android:value="com.google.firebase.components.ComponentRegistrar" />
194-->[com.google.firebase:firebase-datatransport:17.0.3] AndroidManifest.xml:30:17-82
195            <meta-data
195-->[com.google.firebase:firebase-installations:16.3.1] AndroidManifest.xml:17:13-19:85
196                android:name="com.google.firebase.components:com.google.firebase.installations.FirebaseInstallationsRegistrar"
196-->[com.google.firebase:firebase-installations:16.3.1] AndroidManifest.xml:18:17-127
197                android:value="com.google.firebase.components.ComponentRegistrar" />
197-->[com.google.firebase:firebase-installations:16.3.1] AndroidManifest.xml:19:17-82
198        </service>
199
200        <receiver
200-->[com.google.firebase:firebase-iid:20.2.0] AndroidManifest.xml:37:9-44:20
201            android:name="com.google.firebase.iid.FirebaseInstanceIdReceiver"
201-->[com.google.firebase:firebase-iid:20.2.0] AndroidManifest.xml:38:13-78
202            android:exported="true"
202-->[com.google.firebase:firebase-iid:20.2.0] AndroidManifest.xml:39:13-36
203            android:permission="com.google.android.c2dm.permission.SEND" >
203-->[com.google.firebase:firebase-iid:20.2.0] AndroidManifest.xml:40:13-73
204            <intent-filter>
204-->[com.google.firebase:firebase-iid:20.2.0] AndroidManifest.xml:41:13-43:29
205                <action android:name="com.google.android.c2dm.intent.RECEIVE" />
205-->[com.google.firebase:firebase-iid:20.2.0] AndroidManifest.xml:42:17-81
205-->[com.google.firebase:firebase-iid:20.2.0] AndroidManifest.xml:42:25-78
206            </intent-filter>
207        </receiver>
208        <receiver
208-->[com.google.android.gms:play-services-measurement:17.4.2] AndroidManifest.xml:29:9-33:20
209            android:name="com.google.android.gms.measurement.AppMeasurementReceiver"
209-->[com.google.android.gms:play-services-measurement:17.4.2] AndroidManifest.xml:30:13-85
210            android:enabled="true"
210-->[com.google.android.gms:play-services-measurement:17.4.2] AndroidManifest.xml:31:13-35
211            android:exported="false" >
211-->[com.google.android.gms:play-services-measurement:17.4.2] AndroidManifest.xml:32:13-37
212        </receiver>
213
214        <service
214-->[com.google.android.gms:play-services-measurement:17.4.2] AndroidManifest.xml:35:9-38:40
215            android:name="com.google.android.gms.measurement.AppMeasurementService"
215-->[com.google.android.gms:play-services-measurement:17.4.2] AndroidManifest.xml:36:13-84
216            android:enabled="true"
216-->[com.google.android.gms:play-services-measurement:17.4.2] AndroidManifest.xml:37:13-35
217            android:exported="false" />
217-->[com.google.android.gms:play-services-measurement:17.4.2] AndroidManifest.xml:38:13-37
218        <service
218-->[com.google.android.gms:play-services-measurement:17.4.2] AndroidManifest.xml:39:9-43:72
219            android:name="com.google.android.gms.measurement.AppMeasurementJobService"
219-->[com.google.android.gms:play-services-measurement:17.4.2] AndroidManifest.xml:40:13-87
220            android:enabled="true"
220-->[com.google.android.gms:play-services-measurement:17.4.2] AndroidManifest.xml:41:13-35
221            android:exported="false"
221-->[com.google.android.gms:play-services-measurement:17.4.2] AndroidManifest.xml:42:13-37
222            android:permission="android.permission.BIND_JOB_SERVICE" />
222-->[com.google.android.gms:play-services-measurement:17.4.2] AndroidManifest.xml:43:13-69
223
224        <provider
224-->[com.google.firebase:firebase-common:19.3.0] AndroidManifest.xml:26:9-30:39
225            android:name="com.google.firebase.provider.FirebaseInitProvider"
225-->[com.google.firebase:firebase-common:19.3.0] AndroidManifest.xml:27:13-77
226            android:authorities="com.enernet.eg.firebaseinitprovider"
226-->[com.google.firebase:firebase-common:19.3.0] AndroidManifest.xml:28:13-72
227            android:exported="false"
227-->[com.google.firebase:firebase-common:19.3.0] AndroidManifest.xml:29:13-37
228            android:initOrder="100" />
228-->[com.google.firebase:firebase-common:19.3.0] AndroidManifest.xml:30:13-36
229
230        <activity
230-->[com.google.android.gms:play-services-base:17.0.0] AndroidManifest.xml:23:9-26:75
231            android:name="com.google.android.gms.common.api.GoogleApiActivity"
231-->[com.google.android.gms:play-services-base:17.0.0] AndroidManifest.xml:24:13-79
232            android:exported="false"
232-->[com.google.android.gms:play-services-base:17.0.0] AndroidManifest.xml:25:13-37
233            android:theme="@android:style/Theme.Translucent.NoTitleBar" />
233-->[com.google.android.gms:play-services-base:17.0.0] AndroidManifest.xml:26:13-72
234
235        <meta-data
235-->[com.google.android.gms:play-services-basement:17.0.0] AndroidManifest.xml:23:9-25:69
236            android:name="com.google.android.gms.version"
236-->[com.google.android.gms:play-services-basement:17.0.0] AndroidManifest.xml:24:13-58
237            android:value="@integer/google_play_services_version" />
237-->[com.google.android.gms:play-services-basement:17.0.0] AndroidManifest.xml:25:13-66
238
239        <service
239-->[com.google.android.datatransport:transport-backend-cct:2.2.0] AndroidManifest.xml:29:9-35:19
240            android:name="com.google.android.datatransport.runtime.backends.TransportBackendDiscovery"
240-->[com.google.android.datatransport:transport-backend-cct:2.2.0] AndroidManifest.xml:30:13-103
241            android:exported="false" >
241-->[com.google.android.datatransport:transport-backend-cct:2.2.0] AndroidManifest.xml:31:13-37
242            <meta-data
242-->[com.google.android.datatransport:transport-backend-cct:2.2.0] AndroidManifest.xml:32:13-34:39
243                android:name="backend:com.google.android.datatransport.cct.CctBackendFactory"
243-->[com.google.android.datatransport:transport-backend-cct:2.2.0] AndroidManifest.xml:33:17-94
244                android:value="cct" />
244-->[com.google.android.datatransport:transport-backend-cct:2.2.0] AndroidManifest.xml:34:17-36
245        </service>
246        <service
246-->[com.google.android.datatransport:transport-runtime:2.2.0] AndroidManifest.xml:26:9-30:19
247            android:name="com.google.android.datatransport.runtime.scheduling.jobscheduling.JobInfoSchedulerService"
247-->[com.google.android.datatransport:transport-runtime:2.2.0] AndroidManifest.xml:27:13-117
248            android:exported="false"
248-->[com.google.android.datatransport:transport-runtime:2.2.0] AndroidManifest.xml:28:13-37
249            android:permission="android.permission.BIND_JOB_SERVICE" >
249-->[com.google.android.datatransport:transport-runtime:2.2.0] AndroidManifest.xml:29:13-69
250        </service>
251
252        <receiver
252-->[com.google.android.datatransport:transport-runtime:2.2.0] AndroidManifest.xml:32:9-34:40
253            android:name="com.google.android.datatransport.runtime.scheduling.jobscheduling.AlarmManagerSchedulerBroadcastReceiver"
253-->[com.google.android.datatransport:transport-runtime:2.2.0] AndroidManifest.xml:33:13-132
254            android:exported="false" />
254-->[com.google.android.datatransport:transport-runtime:2.2.0] AndroidManifest.xml:34:13-37
255    </application>
256
257</manifest>